app/build/outputs/logs/manifest-merger-debug-report.txt
-- Merging decision tree log ---
manifest
ADDED from src\main\AndroidManifest.xml:2:1-27:12
INJECTED from src\main\AndroidManifest.xml:2:1-27:12
INJECTED from src\main\AndroidManifest.xml:2:1-27:12
INJECTED from src\main\AndroidManifest.xml:2:1-27:12
MERGED from [androidx.appcompat:appcompat:1.1.0] AndroidManifest.xml:17:1-24:12
MERGED from [androidx.constraintlayout:constraintlayout:1.1.3] AndroidManifest.xml:2:1-11:12
MERGED from [com.huawei.hms:ml-computer-vision-face-recognition-model:1.0.2.300] AndroidManifest.xml:2:1-22:12
MERGED from [com.huawei.hms:ml-computer-vision:1.0.2.300] AndroidManifest.xml:2:1-35:12
MERGED from [androidx.fragment:fragment:1.1.0] AndroidManifest.xml:17:1-24:12
MERGED from [androidx.appcompat:appcompat-resources:1.1.0] AndroidManifest.xml:17:1-24:12
MERGED from [androidx.drawerlayout:drawerlayout:1.0.0] AndroidManifest.xml:17:1-22:12
MERGED from [androidx.viewpager:viewpager:1.0.0] AndroidManifest.xml:17:1-22:12
MERGED from [androidx.loader:loader:1.0.0] AndroidManifest.xml:17:1-22:12
MERGED from [androidx.activity:activity:1.0.0] AndroidManifest.xml:17:1-24:12
MERGED from [androidx.vectordrawable:vectordrawable-animated:1.1.0] AndroidManifest.xml:17:1-24:12
MERGED from [androidx.vectordrawable:vectordrawable:1.1.0] AndroidManifest.xml:17:1-24:12
MERGED from [androidx.customview:customview:1.0.0] AndroidManifest.xml:17:1-22:12
MERGED from [androidx.core:core:1.1.0] AndroidManifest.xml:17:1-26:12
MERGED from [androidx.cursoradapter:cursoradapter:1.0.0] AndroidManifest.xml:17:1-22:12
MERGED from [androidx.versionedparcelable:versionedparcelable:1.1.0] AndroidManifest.xml:17:1-27:12
MERGED from [androidx.lifecycle:lifecycle-runtime:2.1.0] AndroidManifest.xml:17:1-22:12
MERGED from [androidx.lifecycle:lifecycle-viewmodel:2.1.0] AndroidManifest.xml:17:1-22:12
MERGED from [androidx.savedstate:savedstate:1.0.0] AndroidManifest.xml:17:1-24:12
MERGED from [androidx.interpolator:interpolator:1.0.0] AndroidManifest.xml:17:1-22:12
MERGED from [androidx.lifecycle:lifecycle-livedata:2.0.0] AndroidManifest.xml:17:1-22:12
MERGED from [androidx.lifecycle:lifecycle-livedata-core:2.0.0] AndroidManifest.xml:17:1-22:12
MERGED from [androidx.arch.core:core-runtime:2.0.0] AndroidManifest.xml:17:1-22:12
MERGED from [com.huawei.hms:ml-computer-vision-inner:1.0.2.300] AndroidManifest.xml:2:1-17:12
MERGED from [com.huawei.hms:dynamic-api:1.0.13.303] AndroidManifest.xml:2:1-20:12
MERGED from [com.huawei.hms:base:4.0.2.300] AndroidManifest.xml:2:1-59:12
MERGED from [com.huawei.agconnect:agconnect-core:1.0.0.300] AndroidManifest.xml:2:1-20:12
MERGED from [com.huawei.hms:ml-computer-vision-base:1.0.2.300] AndroidManifest.xml:2:1-24:12
MERGED from [com.huawei.hmf:tasks:1.3.3.300] AndroidManifest.xml:2:1-10:12
MERGED from [com.huawei.hms:network-grs:4.0.2.300] AndroidManifest.xml:2:1-11:12
MERGED from [com.huawei.hms:update:2.0.6.300] AndroidManifest.xml:2:1-41:12
MERGED from [com.huawei.hms:network-common:4.0.2.300] AndroidManifest.xml:2:1-11:12
INJECTED from src\main\AndroidManifest.xml:2:1-27:12
INJECTED from src\main\AndroidManifest.xml:2:1-27:12
INJECTED from src\main\AndroidManifest.xml:2:1-27:12
	package
		ADDED from src\main\AndroidManifest.xml:4:5-41
		INJECTED from src\main\AndroidManifest.xml
		INJECTED from src\main\AndroidManifest.xml
	android:versionName
		INJECTED from src\main\AndroidManifest.xml
		ADDED from src\main\AndroidManifest.xml:2:1-27:12
		INJECTED from src\main\AndroidManifest.xml
	xmlns:tools
		ADDED from src\main\AndroidManifest.xml:3:5-51
	android:versionCode
		INJECTED from src\main\AndroidManifest.xml
		ADDED from src\main\AndroidManifest.xml:2:1-27:12
		INJECTED from src\main\AndroidManifest.xml
	xmlns:android
		ADDED from src\main\AndroidManifest.xml:2:11-69
uses-feature#android.hardware.camera
ADDED from src\main\AndroidManifest.xml:7:5-60
	android:name
		ADDED from src\main\AndroidManifest.xml:7:19-57
uses-permission#android.permission.CAMERA
ADDED from src\main\AndroidManifest.xml:8:5-64
	android:name
		ADDED from src\main\AndroidManifest.xml:8:22-62
application
ADDED from src\main\AndroidManifest.xml:10:5-25:19
MERGED from [androidx.constraintlayout:constraintlayout:1.1.3] AndroidManifest.xml:9:5-20
MERGED from [androidx.constraintlayout:constraintlayout:1.1.3] AndroidManifest.xml:9:5-20
MERGED from [com.huawei.hms:ml-computer-vision-face-recognition-model:1.0.2.300] AndroidManifest.xml:16:5-20:19
MERGED from [com.huawei.hms:ml-computer-vision-face-recognition-model:1.0.2.300] AndroidManifest.xml:16:5-20:19
MERGED from [com.huawei.hms:ml-computer-vision:1.0.2.300] AndroidManifest.xml:11:5-33:19
MERGED from [com.huawei.hms:ml-computer-vision:1.0.2.300] AndroidManifest.xml:11:5-33:19
MERGED from [androidx.core:core:1.1.0] AndroidManifest.xml:24:5-89
MERGED from [androidx.core:core:1.1.0] AndroidManifest.xml:24:5-89
MERGED from [androidx.versionedparcelable:versionedparcelable:1.1.0] AndroidManifest.xml:24:5-25:19
MERGED from [androidx.versionedparcelable:versionedparcelable:1.1.0] AndroidManifest.xml:24:5-25:19
MERGED from [com.huawei.hms:ml-computer-vision-inner:1.0.2.300] AndroidManifest.xml:11:5-15:19
MERGED from [com.huawei.hms:ml-computer-vision-inner:1.0.2.300] AndroidManifest.xml:11:5-15:19
MERGED from [com.huawei.hms:dynamic-api:1.0.13.303] AndroidManifest.xml:11:5-18:19
MERGED from [com.huawei.hms:dynamic-api:1.0.13.303] AndroidManifest.xml:11:5-18:19
MERGED from [com.huawei.hms:base:4.0.2.300] AndroidManifest.xml:20:5-57:19
MERGED from [com.huawei.hms:base:4.0.2.300] AndroidManifest.xml:20:5-57:19
MERGED from [com.huawei.agconnect:agconnect-core:1.0.0.300] AndroidManifest.xml:9:5-18:19
MERGED from [com.huawei.agconnect:agconnect-core:1.0.0.300] AndroidManifest.xml:9:5-18:19
MERGED from [com.huawei.hms:ml-computer-vision-base:1.0.2.300] AndroidManifest.xml:13:5-22:19
MERGED from [com.huawei.hms:ml-computer-vision-base:1.0.2.300] AndroidManifest.xml:13:5-22:19
MERGED from [com.huawei.hms:update:2.0.6.300] AndroidManifest.xml:20:5-39:19
MERGED from [com.huawei.hms:update:2.0.6.300] AndroidManifest.xml:20:5-39:19
	android:appComponentFactory
		ADDED from [androidx.core:core:1.1.0] AndroidManifest.xml:24:18-86
	android:supportsRtl
		ADDED from src\main\AndroidManifest.xml:15:9-35
	android:label
		ADDED from src\main\AndroidManifest.xml:13:9-41
	android:roundIcon
		ADDED from src\main\AndroidManifest.xml:14:9-54
	android:icon
		ADDED from src\main\AndroidManifest.xml:12:9-43
	android:allowBackup
		ADDED from src\main\AndroidManifest.xml:11:9-35
	android:networkSecurityConfig
		ADDED from [com.huawei.hms:ml-computer-vision:1.0.2.300] AndroidManifest.xml:11:18-78
	android:theme
		ADDED from src\main\AndroidManifest.xml:17:9-47
	tools:replace
		ADDED from src\main\AndroidManifest.xml:16:9-44
activity#com.huawei.mlkit.face.demo.LiveImageDetectionActivity
ADDED from src\main\AndroidManifest.xml:18:9-24:20
	android:name
		ADDED from src\main\AndroidManifest.xml:18:19-61
intent-filter#action:name:android.intent.action.MAIN+category:name:android.intent.category.LAUNCHER
ADDED from src\main\AndroidManifest.xml:19:13-23:29
action#android.intent.action.MAIN
ADDED from src\main\AndroidManifest.xml:20:17-69
	android:name
		ADDED from src\main\AndroidManifest.xml:20:25-66
category#android.intent.category.LAUNCHER
ADDED from src\main\AndroidManifest.xml:22:17-77
	android:name
		ADDED from src\main\AndroidManifest.xml:22:27-74
uses-sdk
INJECTED from src\main\AndroidManifest.xml reason: use-sdk injection requested
INJECTED from src\main\AndroidManifest.xml
INJECTED from src\main\AndroidManifest.xml
MERGED from [androidx.appcompat:appcompat:1.1.0] AndroidManifest.xml:20:5-22:41
MERGED from [androidx.appcompat:appcompat:1.1.0] AndroidManifest.xml:20:5-22:41
MERGED from [androidx.constraintlayout:constraintlayout:1.1.3] AndroidManifest.xml:5:5-7:41
MERGED from [androidx.constraintlayout:constraintlayout:1.1.3] AndroidManifest.xml:5:5-7:41
MERGED from [com.huawei.hms:ml-computer-vision-face-recognition-model:1.0.2.300] AndroidManifest.xml:7:5-9:41
MERGED from [com.huawei.hms:ml-computer-vision-face-recognition-model:1.0.2.300] AndroidManifest.xml:7:5-9:41
MERGED from [com.huawei.hms:ml-computer-vision:1.0.2.300] AndroidManifest.xml:7:5-9:41
MERGED from [com.huawei.hms:ml-computer-vision:1.0.2.300] AndroidManifest.xml:7:5-9:41
MERGED from [androidx.fragment:fragment:1.1.0] AndroidManifest.xml:20:5-22:41
MERGED from [androidx.fragment:fragment:1.1.0] AndroidManifest.xml:20:5-22:41
MERGED from [androidx.appcompat:appcompat-resources:1.1.0] AndroidManifest.xml:20:5-22:41
MERGED from [androidx.appcompat:appcompat-resources:1.1.0] AndroidManifest.xml:20:5-22:41
MERGED from [androidx.drawerlayout:drawerlayout:1.0.0] AndroidManifest.xml:20:5-44
MERGED from [androidx.drawerlayout:drawerlayout:1.0.0] AndroidManifest.xml:20:5-44
MERGED from [androidx.viewpager:viewpager:1.0.0] AndroidManifest.xml:20:5-44
MERGED from [androidx.viewpager:viewpager:1.0.0] AndroidManifest.xml:20:5-44
MERGED from [androidx.loader:loader:1.0.0] AndroidManifest.xml:20:5-44
MERGED from [androidx.loader:loader:1.0.0] AndroidManifest.xml:20:5-44
MERGED from [androidx.activity:activity:1.0.0] AndroidManifest.xml:20:5-22:41
MERGED from [androidx.activity:activity:1.0.0] AndroidManifest.xml:20:5-22:41
MERGED from [androidx.vectordrawable:vectordrawable-animated:1.1.0] AndroidManifest.xml:20:5-22:41
MERGED from [androidx.vectordrawable:vectordrawable-animated:1.1.0] AndroidManifest.xml:20:5-22:41
MERGED from [androidx.vectordrawable:vectordrawable:1.1.0] AndroidManifest.xml:20:5-22:41
MERGED from [androidx.vectordrawable:vectordrawable:1.1.0] AndroidManifest.xml:20:5-22:41
MERGED from [androidx.customview:customview:1.0.0] AndroidManifest.xml:20:5-44
MERGED from [androidx.customview:customview:1.0.0] AndroidManifest.xml:20:5-44
MERGED from [androidx.core:core:1.1.0] AndroidManifest.xml:20:5-22:41
MERGED from [androidx.core:core:1.1.0] AndroidManifest.xml:20:5-22:41
MERGED from [androidx.cursoradapter:cursoradapter:1.0.0] AndroidManifest.xml:20:5-44
MERGED from [androidx.cursoradapter:cursoradapter:1.0.0] AndroidManifest.xml:20:5-44
MERGED from [androidx.versionedparcelable:versionedparcelable:1.1.0] AndroidManifest.xml:20:5-22:41
MERGED from [androidx.versionedparcelable:versionedparcelable:1.1.0] AndroidManifest.xml:20:5-22:41
MERGED from [androidx.lifecycle:lifecycle-runtime:2.1.0] AndroidManifest.xml:20:5-44
MERGED from [androidx.lifecycle:lifecycle-runtime:2.1.0] AndroidManifest.xml:20:5-44
MERGED from [androidx.lifecycle:lifecycle-viewmodel:2.1.0] AndroidManifest.xml:20:5-44
MERGED from [androidx.lifecycle:lifecycle-viewmodel:2.1.0] AndroidManifest.xml:20:5-44
MERGED from [androidx.savedstate:savedstate:1.0.0] AndroidManifest.xml:20:5-22:41
MERGED from [androidx.savedstate:savedstate:1.0.0] AndroidManifest.xml:20:5-22:41
MERGED from [androidx.interpolator:interpolator:1.0.0] AndroidManifest.xml:20:5-44
MERGED from [androidx.interpolator:interpolator:1.0.0] AndroidManifest.xml:20:5-44
MERGED from [androidx.lifecycle:lifecycle-livedata:2.0.0] AndroidManifest.xml:20:5-44
MERGED from [androidx.lifecycle:lifecycle-livedata:2.0.0] AndroidManifest.xml:20:5-44
MERGED from [androidx.lifecycle:lifecycle-livedata-core:2.0.0] AndroidManifest.xml:20:5-44
MERGED from [androidx.lifecycle:lifecycle-livedata-core:2.0.0] AndroidManifest.xml:20:5-44
MERGED from [androidx.arch.core:core-runtime:2.0.0] AndroidManifest.xml:20:5-44
MERGED from [androidx.arch.core:core-runtime:2.0.0] AndroidManifest.xml:20:5-44
MERGED from [com.huawei.hms:ml-computer-vision-inner:1.0.2.300] AndroidManifest.xml:7:5-9:41
MERGED from [com.huawei.hms:ml-computer-vision-inner:1.0.2.300] AndroidManifest.xml:7:5-9:41
MERGED from [com.huawei.hms:dynamic-api:1.0.13.303] AndroidManifest.xml:7:5-9:41
MERGED from [com.huawei.hms:dynamic-api:1.0.13.303] AndroidManifest.xml:7:5-9:41
MERGED from [com.huawei.hms:base:4.0.2.300] AndroidManifest.xml:5:5-7:41
MERGED from [com.huawei.hms:base:4.0.2.300] AndroidManifest.xml:5:5-7:41
MERGED from [com.huawei.agconnect:agconnect-core:1.0.0.300] AndroidManifest.xml:5:5-7:41
MERGED from [com.huawei.agconnect:agconnect-core:1.0.0.300] AndroidManifest.xml:5:5-7:41
MERGED from [com.huawei.hms:ml-computer-vision-base:1.0.2.300] AndroidManifest.xml:7:5-9:41
MERGED from [com.huawei.hms:ml-computer-vision-base:1.0.2.300] AndroidManifest.xml:7:5-9:41
MERGED from [com.huawei.hmf:tasks:1.3.3.300] AndroidManifest.xml:6:5-8:41
MERGED from [com.huawei.hmf:tasks:1.3.3.300] AndroidManifest.xml:6:5-8:41
MERGED from [com.huawei.hms:network-grs:4.0.2.300] AndroidManifest.xml:7:5-9:41
MERGED from [com.huawei.hms:network-grs:4.0.2.300] AndroidManifest.xml:7:5-9:41
MERGED from [com.huawei.hms:update:2.0.6.300] AndroidManifest.xml:7:5-9:41
MERGED from [com.huawei.hms:update:2.0.6.300] AndroidManifest.xml:7:5-9:41
MERGED from [com.huawei.hms:network-common:4.0.2.300] AndroidManifest.xml:7:5-9:41
MERGED from [com.huawei.hms:network-common:4.0.2.300] AndroidManifest.xml:7:5-9:41
INJECTED from src\main\AndroidManifest.xml
INJECTED from src\main\AndroidManifest.xml
	android:targetSdkVersion
		INJECTED from src\main\AndroidManifest.xml
		ADDED from src\main\AndroidManifest.xml
		INJECTED from src\main\AndroidManifest.xml
	android:minSdkVersion
		INJECTED from src\main\AndroidManifest.xml
		ADDED from src\main\AndroidManifest.xml
		INJECTED from src\main\AndroidManifest.xml
uses-permission#android.permission.INTERNET
ADDED from [com.huawei.hms:ml-computer-vision-face-recognition-model:1.0.2.300] AndroidManifest.xml:11:5-67
MERGED from [com.huawei.hms:base:4.0.2.300] AndroidManifest.xml:10:5-67
MERGED from [com.huawei.hms:base:4.0.2.300] AndroidManifest.xml:10:5-67
MERGED from [com.huawei.hms:update:2.0.6.300] AndroidManifest.xml:11:5-67
MERGED from [com.huawei.hms:update:2.0.6.300] AndroidManifest.xml:11:5-67
	android:name
		ADDED from [com.huawei.hms:ml-computer-vision-face-recognition-model:1.0.2.300] AndroidManifest.xml:11:22-64
uses-permission#android.permission.ACCESS_NETWORK_STATE
ADDED from [com.huawei.hms:ml-computer-vision-face-recognition-model:1.0.2.300] AndroidManifest.xml:12:5-79
MERGED from [com.huawei.hms:base:4.0.2.300] AndroidManifest.xml:14:5-79
MERGED from [com.huawei.hms:base:4.0.2.300] AndroidManifest.xml:14:5-79
MERGED from [com.huawei.hms:ml-computer-vision-base:1.0.2.300] AndroidManifest.xml:11:5-79
MERGED from [com.huawei.hms:ml-computer-vision-base:1.0.2.300] AndroidManifest.xml:11:5-79
MERGED from [com.huawei.hms:update:2.0.6.300] AndroidManifest.xml:12:5-79
MERGED from [com.huawei.hms:update:2.0.6.300] AndroidManifest.xml:12:5-79
	android:name
		ADDED from [com.huawei.hms:ml-computer-vision-face-recognition-model:1.0.2.300] AndroidManifest.xml:12:22-76
uses-permission#android.permission.READ_EXTERNAL_STORAGE
ADDED from [com.huawei.hms:ml-computer-vision-face-recognition-model:1.0.2.300] AndroidManifest.xml:13:5-80
	android:name
		ADDED from [com.huawei.hms:ml-computer-vision-face-recognition-model:1.0.2.300] AndroidManifest.xml:13:22-77
uses-permission#android.permission.WRITE_EXTERNAL_STORAGE
ADDED from [com.huawei.hms:ml-computer-vision-face-recognition-model:1.0.2.300] AndroidManifest.xml:14:5-81
MERGED from [com.huawei.hms:base:4.0.2.300] AndroidManifest.xml:12:5-81
MERGED from [com.huawei.hms:base:4.0.2.300] AndroidManifest.xml:12:5-81
	android:name
		ADDED from [com.huawei.hms:ml-computer-vision-face-recognition-model:1.0.2.300] AndroidManifest.xml:14:22-78
meta-data#com.huawei.hms.client.service.name:ml-computer-vision-face-recognition-model
ADDED from [com.huawei.hms:ml-computer-vision-face-recognition-model:1.0.2.300] AndroidManifest.xml:17:9-19:83
	android:value
		ADDED from [com.huawei.hms:ml-computer-vision-face-recognition-model:1.0.2.300] AndroidManifest.xml:19:13-80
	android:name
		ADDED from [com.huawei.hms:ml-computer-vision-face-recognition-model:1.0.2.300] AndroidManifest.xml:18:13-104
meta-data#com.huawei.hms.client.service.name:ml-computer-vision
ADDED from [com.huawei.hms:ml-computer-vision:1.0.2.300] AndroidManifest.xml:12:9-14:60
	android:value
		ADDED from [com.huawei.hms:ml-computer-vision:1.0.2.300] AndroidManifest.xml:14:13-57
	android:name
		ADDED from [com.huawei.hms:ml-computer-vision:1.0.2.300] AndroidManifest.xml:13:13-81
meta-data#com.huawei.hms.min_api_level:ml-computer-vision:huawei_module_mlkit_face
ADDED from [com.huawei.hms:ml-computer-vision:1.0.2.300] AndroidManifest.xml:15:9-17:33
	android:value
		ADDED from [com.huawei.hms:ml-computer-vision:1.0.2.300] AndroidManifest.xml:17:13-30
	android:name
		ADDED from [com.huawei.hms:ml-computer-vision:1.0.2.300] AndroidManifest.xml:16:13-100
meta-data#com.huawei.hms.min_api_level:ml-computer-vision:huawei_module_mlkit_object
ADDED from [com.huawei.hms:ml-computer-vision:1.0.2.300] AndroidManifest.xml:18:9-20:33
	android:value
		ADDED from [com.huawei.hms:ml-computer-vision:1.0.2.300] AndroidManifest.xml:20:13-30
	android:name
		ADDED from [com.huawei.hms:ml-computer-vision:1.0.2.300] AndroidManifest.xml:19:13-102
meta-data#com.huawei.hms.min_api_level:ml-computer-vision:huawei_module_mlkit_ocr
ADDED from [com.huawei.hms:ml-computer-vision:1.0.2.300] AndroidManifest.xml:21:9-23:33
	android:value
		ADDED from [com.huawei.hms:ml-computer-vision:1.0.2.300] AndroidManifest.xml:23:13-30
	android:name
		ADDED from [com.huawei.hms:ml-computer-vision:1.0.2.300] AndroidManifest.xml:22:13-99
meta-data#com.huawei.hms.min_api_level:ml-computer-vision:huawei_module_mlkit_label
ADDED from [com.huawei.hms:ml-computer-vision:1.0.2.300] AndroidManifest.xml:24:9-26:33
	android:value
		ADDED from [com.huawei.hms:ml-computer-vision:1.0.2.300] AndroidManifest.xml:26:13-30
	android:name
		ADDED from [com.huawei.hms:ml-computer-vision:1.0.2.300] AndroidManifest.xml:25:13-101
meta-data#com.huawei.hms.min_api_level:ml-computer-vision:huawei_module_mlkit_imgseg
ADDED from [com.huawei.hms:ml-computer-vision:1.0.2.300] AndroidManifest.xml:27:9-29:33
	android:value
		ADDED from [com.huawei.hms:ml-computer-vision:1.0.2.300] AndroidManifest.xml:29:13-30
	android:name
		ADDED from [com.huawei.hms:ml-computer-vision:1.0.2.300] AndroidManifest.xml:28:13-102
meta-data#com.huawei.hms.min_api_level:ml-computer-vision:huawei_module_mlkit_icr
ADDED from [com.huawei.hms:ml-computer-vision:1.0.2.300] AndroidManifest.xml:30:9-32:33
	android:value
		ADDED from [com.huawei.hms:ml-computer-vision:1.0.2.300] AndroidManifest.xml:32:13-30
	android:name
		ADDED from [com.huawei.hms:ml-computer-vision:1.0.2.300] AndroidManifest.xml:31:13-99
meta-data#com.huawei.hms.client.service.name:ml-computer-vision-inner
ADDED from [com.huawei.hms:ml-computer-vision-inner:1.0.2.300] AndroidManifest.xml:12:9-14:66
	android:value
		ADDED from [com.huawei.hms:ml-computer-vision-inner:1.0.2.300] AndroidManifest.xml:14:13-63
	android:name
		ADDED from [com.huawei.hms:ml-computer-vision-inner:1.0.2.300] AndroidManifest.xml:13:13-87
meta-data#com.huawei.hms.client.service.name:dynamic-api
ADDED from [com.huawei.hms:dynamic-api:1.0.13.303] AndroidManifest.xml:12:9-14:54
	android:value
		ADDED from [com.huawei.hms:dynamic-api:1.0.13.303] AndroidManifest.xml:14:13-51
	android:name
		ADDED from [com.huawei.hms:dynamic-api:1.0.13.303] AndroidManifest.xml:13:13-74
meta-data#com.huawei.hms.min_api_level:dynamic-api:huawei_module_dynamicloader
ADDED from [com.huawei.hms:dynamic-api:1.0.13.303] AndroidManifest.xml:15:9-17:33
	android:value
		ADDED from [com.huawei.hms:dynamic-api:1.0.13.303] AndroidManifest.xml:17:13-30
	android:name
		ADDED from [com.huawei.hms:dynamic-api:1.0.13.303] AndroidManifest.xml:16:13-96
uses-permission#android.permission.REQUEST_INSTALL_PACKAGES
ADDED from [com.huawei.hms:base:4.0.2.300] AndroidManifest.xml:16:5-83
MERGED from [com.huawei.hms:update:2.0.6.300] AndroidManifest.xml:15:5-83
MERGED from [com.huawei.hms:update:2.0.6.300] AndroidManifest.xml:15:5-83
	android:name
		ADDED from [com.huawei.hms:base:4.0.2.300] AndroidManifest.xml:16:22-80
uses-permission#com.huawei.appmarket.service.commondata.permission.GET_COMMON_DATA
ADDED from [com.huawei.hms:base:4.0.2.300] AndroidManifest.xml:18:5-106
MERGED from [com.huawei.hms:update:2.0.6.300] AndroidManifest.xml:18:5-106
MERGED from [com.huawei.hms:update:2.0.6.300] AndroidManifest.xml:18:5-106
	android:name
		ADDED from [com.huawei.hms:base:4.0.2.300] AndroidManifest.xml:18:22-103
meta-data#com.huawei.hms.client.service.name:base
ADDED from [com.huawei.hms:base:4.0.2.300] AndroidManifest.xml:26:9-28:46
	android:value
		ADDED from [com.huawei.hms:base:4.0.2.300] AndroidManifest.xml:28:13-43
	android:name
		ADDED from [com.huawei.hms:base:4.0.2.300] AndroidManifest.xml:27:13-67
meta-data#com.huawei.hms.min_api_level:base:hmscore
ADDED from [com.huawei.hms:base:4.0.2.300] AndroidManifest.xml:31:9-33:33
	android:value
		ADDED from [com.huawei.hms:base:4.0.2.300] AndroidManifest.xml:33:13-30
	android:name
		ADDED from [com.huawei.hms:base:4.0.2.300] AndroidManifest.xml:32:13-69
activity#com.huawei.hms.activity.BridgeActivity
ADDED from [com.huawei.hms:base:4.0.2.300] AndroidManifest.xml:35:9-45:20
	android:excludeFromRecents
		ADDED from [com.huawei.hms:base:4.0.2.300] AndroidManifest.xml:38:13-46
	android:hardwareAccelerated
		ADDED from [com.huawei.hms:base:4.0.2.300] AndroidManifest.xml:40:13-47
	android:exported
		ADDED from [com.huawei.hms:base:4.0.2.300] AndroidManifest.xml:39:13-37
	android:configChanges
		ADDED from [com.huawei.hms:base:4.0.2.300] AndroidManifest.xml:37:13-124
	android:theme
		ADDED from [com.huawei.hms:base:4.0.2.300] AndroidManifest.xml:41:13-61
	android:name
		ADDED from [com.huawei.hms:base:4.0.2.300] AndroidManifest.xml:36:13-66
meta-data#hwc-theme
ADDED from [com.huawei.hms:base:4.0.2.300] AndroidManifest.xml:42:13-44:77
	android:value
		ADDED from [com.huawei.hms:base:4.0.2.300] AndroidManifest.xml:44:17-74
	android:name
		ADDED from [com.huawei.hms:base:4.0.2.300] AndroidManifest.xml:43:17-41
activity#com.huawei.hms.activity.EnableServiceActivity
ADDED from [com.huawei.hms:base:4.0.2.300] AndroidManifest.xml:46:9-49:20
	android:configChanges
		ADDED from [com.huawei.hms:base:4.0.2.300] AndroidManifest.xml:48:13-106
	android:name
		ADDED from [com.huawei.hms:base:4.0.2.300] AndroidManifest.xml:47:13-73
provider#com.huawei.hms.update.provider.UpdateProvider
ADDED from [com.huawei.hms:base:4.0.2.300] AndroidManifest.xml:51:9-56:20
	android:grantUriPermissions
		ADDED from [com.huawei.hms:base:4.0.2.300] AndroidManifest.xml:55:13-47
	android:authorities
		ADDED from [com.huawei.hms:base:4.0.2.300] AndroidManifest.xml:53:13-71
	android:exported
		ADDED from [com.huawei.hms:base:4.0.2.300] AndroidManifest.xml:54:13-37
	android:name
		ADDED from [com.huawei.hms:base:4.0.2.300] AndroidManifest.xml:52:13-73
provider#com.huawei.agconnect.core.provider.AGConnectInitializeProvider
ADDED from [com.huawei.agconnect:agconnect-core:1.0.0.300] AndroidManifest.xml:10:9-13:40
	android:authorities
		ADDED from [com.huawei.agconnect:agconnect-core:1.0.0.300] AndroidManifest.xml:12:13-73
	android:exported
		ADDED from [com.huawei.agconnect:agconnect-core:1.0.0.300] AndroidManifest.xml:13:13-37
	android:name
		ADDED from [com.huawei.agconnect:agconnect-core:1.0.0.300] AndroidManifest.xml:11:13-90
service#com.huawei.agconnect.core.ServiceDiscovery
ADDED from [com.huawei.agconnect:agconnect-core:1.0.0.300] AndroidManifest.xml:15:9-17:40
	android:exported
		ADDED from [com.huawei.agconnect:agconnect-core:1.0.0.300] AndroidManifest.xml:17:13-37
	android:name
		ADDED from [com.huawei.agconnect:agconnect-core:1.0.0.300] AndroidManifest.xml:16:13-70
meta-data#com.huawei.hms.client.service.name:ml-computer-vision-base
ADDED from [com.huawei.hms:ml-computer-vision-base:1.0.2.300] AndroidManifest.xml:14:9-16:65
	android:value
		ADDED from [com.huawei.hms:ml-computer-vision-base:1.0.2.300] AndroidManifest.xml:16:13-62
	android:name
		ADDED from [com.huawei.hms:ml-computer-vision-base:1.0.2.300] AndroidManifest.xml:15:13-86
provider#com.huawei.hms.mlsdk.common.Provider.MLInitializerProvider
ADDED from [com.huawei.hms:ml-computer-vision-base:1.0.2.300] AndroidManifest.xml:18:9-21:40
	android:authorities
		ADDED from [com.huawei.hms:ml-computer-vision-base:1.0.2.300] AndroidManifest.xml:20:13-73
	android:exported
		ADDED from [com.huawei.hms:ml-computer-vision-base:1.0.2.300] AndroidManifest.xml:21:13-37
	android:name
		ADDED from [com.huawei.hms:ml-computer-vision-base:1.0.2.300] AndroidManifest.xml:19:13-86
activity#com.huawei.updatesdk.service.otaupdate.AppUpdateActivity
ADDED from [com.huawei.hms:update:2.0.6.300] AndroidManifest.xml:21:9-29:20
	android:exported
		ADDED from [com.huawei.hms:update:2.0.6.300] AndroidManifest.xml:24:13-37
	android:configChanges
		ADDED from [com.huawei.hms:update:2.0.6.300] AndroidManifest.xml:23:13-59
	android:theme
		ADDED from [com.huawei.hms:update:2.0.6.300] AndroidManifest.xml:25:13-49
	android:name
		ADDED from [com.huawei.hms:update:2.0.6.300] AndroidManifest.xml:22:13-84
activity#com.huawei.updatesdk.support.pm.PackageInstallerActivity
ADDED from [com.huawei.hms:update:2.0.6.300] AndroidManifest.xml:30:9-38:20
	android:exported
		ADDED from [com.huawei.hms:update:2.0.6.300] AndroidManifest.xml:33:13-37
	android:configChanges
		ADDED from [com.huawei.hms:update:2.0.6.300] AndroidManifest.xml:32:13-74
	android:theme
		ADDED from [com.huawei.hms:update:2.0.6.300] AndroidManifest.xml:34:13-49
	android:name
		ADDED from [com.huawei.hms:update:2.0.6.300] AndroidManifest.xml:31:13-84